生成启动时间为 2022/2/4 21:26:20。
     1>项目“E:\C++study\Projects\2022_2\game1_0202\game1_0202\game1_0202.vcxproj”在节点 2 上(build 个目标)。
     1>InitializeBuildStatus:
         正在创建“Debug\game1_0202.unsuccessfulbuild”，因为已指定“AlwaysCreate”。
       ClCompile:
         e:\Download\VC\bin\CL.exe /c /ZI /nologo /W3 /WX- /Od /Oy- /D _MBCS /Gm /EHsc /RTC1 /MDd /GS /fp:precise /Zc:wchar_t /Zc:forScope /Fo"Debug\\" /Fd"Debug\vc100.pdb" /Gd /TC /analyze- /errorReport:prompt game.c test.c
         test.c
         game.c
     1>e:\c++study\projects\2022_2\game1_0202\game1_0202\game.c(74): warning C4996: 'scanf': This function or variable may be unsafe. Consider using scanf_s instead. To disable deprecation, use _CRT_SECURE_NO_WARNINGS. See online help for details.
                 e:\download\vc\include\stdio.h(304) : 参见“scanf”的声明
         正在生成代码...
       Link:
         e:\Download\VC\bin\link.exe /ERRORREPORT:PROMPT /OUT:"E:\C++study\Projects\2022_2\game1_0202\Debug\game1_0202.exe" /NOLOGO kernel32.lib user32.lib gdi32.lib winspool.lib comdlg32.lib advapi32.lib shell32.lib ole32.lib oleaut32.lib uuid.lib odbc32.lib odbccp32.lib /MANIFEST /ManifestFile:"Debug\game1_0202.exe.intermediate.manifest" /MANIFESTUAC:"level='asInvoker' uiAccess='false'" /DEBUG /PDB:"E:\C++study\Projects\2022_2\game1_0202\Debug\game1_0202.pdb" /SUBSYSTEM:CONSOLE /TLBID:1 /DYNAMICBASE /NXCOMPAT /IMPLIB:"E:\C++study\Projects\2022_2\game1_0202\Debug\game1_0202.lib" /MACHINE:X86 Debug\game.obj
         Debug\test.obj
         LINK : 没有找到 E:\C++study\Projects\2022_2\game1_0202\Debug\game1_0202.exe 或上一个增量链接没有生成它；正在执行完全链接
         game1_0202.vcxproj -> E:\C++study\Projects\2022_2\game1_0202\Debug\game1_0202.exe
       Manifest:
         C:\Program Files (x86)\Microsoft SDKs\Windows\v7.0A\bin\mt.exe /nologo /verbose /outputresource:"E:\C++study\Projects\2022_2\game1_0202\Debug\game1_0202.exe;#1" /manifest Debug\game1_0202.exe.intermediate.manifest
       FinalizeBuildStatus:
         正在删除文件“Debug\game1_0202.unsuccessfulbuild”。
         正在对“Debug\game1_0202.lastbuildstate”执行 Touch 任务。
     1>已完成生成项目“E:\C++study\Projects\2022_2\game1_0202\game1_0202\game1_0202.vcxproj”(build 个目标)的操作。

生成成功。

已用时间 00:00:01.44
